[   .0000]nitialin croupubss puset
[    0.000000] Initializing cgroup subsys cpu
[    00000 Iitializg grup ssycpuat[    00000] Linuveion 4..013genec buldd@y0-ad64-006 (ccvesion 5..0200609 (butu5..0-6ubunu1164.10)  #64buntSMTue Oc2 7:6:02 U 218(Ubutu.40-138.4-enric 4.15)
[    .000] Commd in: BO_IMAE=/bt/linuz-4.-18-geri rot=LAB=couimg-rofso cosoe=ty cnsolttS0
[    0.000] ERNEsupotedcps:[   0.000]   IelGeuineInl[    00000]  AMD AthntcAD
[   0.000]   Cta CentaHals
[  00000] x86/fu:stte_ose2]:  5, xsat_sizes]:  26
[  .00000x8/fu: Suprtg XSAV fate 0x01 '87loating poin rgier'
[   00000] x8fp: uppotig SAE feur 002: 'S regisrs
    0.00000 x6/pu: pprtng XAVE fate x0 'VX rgiters
[   0.00000] x86/u:Enbled xat fatur 0, contxtsie s 832 te, uing tadad' fma.
[    .000] e820BIS-proidedhyicl RAmap
[    0.000] IO-e82: em x000000000000-0x000000000009fbff] usable
[    0.000000] BIOS-e820: [mem 0x000000000009fc00-0x000000000009ffff] reserved
[    0.000000] BIOS-e820: [mem 0x00000000000f0000-0x00000000000fffff] reserved
[    0.000000] BIOS-e820: [mem 0x0000000000100000-0x000000003ffeffff] usable
[    0.000000] BIOS-e820: [mem 0x000000003fff0000-0x000000003fffffff] ACPI data
[    0.000000] BIOS-e820: [mem 0x00000000fec00000-0x00000000fec00fff] reserved
[    0.000000] BIOS-e820: [mem 0x00000000fee00000-0x00000feeff] esrved
[   0.0000] BI-e0: [mem 0x000000ffc000-0x0000ffffff rserv
   0.000 NX (EecteDiableprtetionacve
    000000] MBIOS 5 reent.
[    0.000000] Hypervisor detected: KVM
[    0.000000] e820: last_pfn = 0x3fff0 max_arch_pfn = 0x400000000
[    0.000000] MTRR: Disabled
[    0.000000] x86/PAT:MTRsdiabled, skipi PT initalzaio too.[  0.00000] PUMTRRal bank - rtalzed syte
    .000] 86/AT Cfiguraon0-7]:     UC- C B WT  C-UC 
[  0.0000] un SMP P-talet mem 0x09f0-0x00fff]appeat[fff88000009ff
    0.0000]Scnnin1 aras f l memorcorupion
   00000] RAIS [em 0x3080-0x71ff
[   0000] ACI:ary tae heksumvefiatio dabed
  0.00000]CP RSDP 000000000E0000 000024 (v02 VBOX  )
[    0.000000] ACPI: XSDT 0x000000003FFF03 003C 01VBOX VXXSDT 000001 A  000061)   0.000 ACP: AC 000000003FF0F 000F4 (4 BO   VXFP 0000001SL 000001)
[  0.0000] PI: DT0x0000000FF70 0021 (02VBOX   BOBIS 00002 TL 20100528)
[    0.000000] ACPI: FACS 0x000000003FFF0200 000040
[    0.000000] ACPI: FACS 0x000000003FFF0200 000040
[    0.000000] ACPI: APIC 0x00000003FFF0400000 (2 BOX  VOXPI 00000001SL0000001)
[   000000]CP: SST x0000003F0A00001 (01VBOX  BOCPUT 00002INTL 20028)
[    .000] NoNU cnfiguration found
[    0.000000] Faking a node at [mem 0x0000000000000000-0x000000003ffeffff]
[    0.000000] NODE_DATA(0) allocated [mem 0x3ffeb000-0x3ffeffff]
[    0.000000] kvm-clock: Using msrs 4b564d01 and 4b564d00
[    0.000000] kvm-clock: cpu 0, msr 0:3ffe3001, primary cpu clock
[    0.000000] kvm-clock: using sched offset of 3459967815 cycles
[    0.000000] clocksource: kvm-clock: mask: 0xffffffffffffffff max_cycles: 0x1cd42e4dffb, max_idle_ns: 881590591483 ns
[    0.000000] Zone ranges:
[    0.000000]   DMA      [mem 0x0000000000001000-0x0000000000ffffff]
[    0.000000]   DMA32    [mem 0x0000000001000000-0x000000003ffeffff]
[    0.000000]   Normal   empty
[    0.000000]   Device   empty
[    0.000000] Movable zone start for each node
[    0.000000] Early memory node ranges[   .000000  de   0[m 0x0000000010-x0000000009efff]
[   000000]   nde 0: [mem0x0000001000-0x00000ffeff]
[   0.0000] nimem setup node 0 [mem 0x0000000000001000-0x000000003ffeffff]
[    0.000000] ACPI: PMTir O Po: x408
[  000000] IPI[0]: aicid2,versio32 addre 0fe00000,SI-23
[   .0000] APIINTSRC_R bu 0 busrq globairq 2 dfl dfl)
[    0.000000] ACI:INT_SRC_OV (bu 0bu_i 9glbal_ir9 ow lel
    0.0000 Uing PIMADT) r P coigraion nfmaio
[   00000 smpbot Allin 2CPUs, 0 htplugCPs
[   0.000]PM: gitered sae emor: me 0x00000-000000ff]
[    0.000000] PM: Registered nosave memry: me 0009f0-x009ff][    00000 PM: Riserd noavmery: [mem  0x00000-x000eff]
[    0.00000] P Risterenoav memoy: [mem 0x000f0000-0x000fffff]
[    0.000000] e820: [mem 0x40000000xebffff] aville forCIevices[   0.000000] Booting paravirtualized kernel on KVM
[    0.000000] clocksource: refined-jiffies: mask: 0xffffffff max_cycles: 0xffffffff, max_idle_ns: 7645519600211568 ns
[    0.000000] setup_percpu: NR_CPUS:512 nr_cpumask_bs:512 nr_cpu_ids:2 nr_node_ids:1
[    0.000000] PERCPU: Embedded 34 pages/cpu @ffff88003fc00000 s99608 r8192 d31464 u1048576
[    0.000000] PV qspinlock hash table entries: 256 (order: 0, 4096 bytes)
[    0.000000] Built 1 zonelists in Node order, mobility grouping on.  Total pages: 257912
[    0.000000] Policy zone: DMA32
[    0.000000] Kernel command line: BOOT_IMAGE=/boot/vmlinuz-4.4.0-138-generic root=LABEL=cloudimg-rootfs ro console=tty1 console=ttyS0
[    0.000000] PID hash table entries: 4096 (order: 3, 32768 bytes)
[    0.000000] Memory: 997704K/1048120K available (8563K kernel code, 1314K rwdata, 4004K rodata, 1528K init, 1316K bss, 50416K reserved, 0K cma-reserved)
[    0.000000] SLUB: HWalign=64, Order=0-3, MinObjects=0, CPUs=2, Nodes=1
[    0.000000] Kernel/User page tables isolation: enabled
[    0.000000] Hierarchical RCU implementation.
[    0.000000] 	Build-time adjustment of leaf fanout to 64.
[    0.000000] 	RCU restricting CPUs from NR_CPUS=512 to nr_cpu_ids=2.
[    0.000000] RCU: Adjusting geometry for rcu_fanout_leaf=64, nr_cpu_ids=2
[    0.000000] NR_IRQS:33024 nr_irqs:440 16
[    0.000000] Console: colour VGA+ 80x25
[    0.000000] console [tty1] enabled
[    0.000000] console [ttyS0] enabled
[    0.000000] tsc: Detected 2394.462 MHz processor
[   12.352685] Calibrating delay loop (skipped) preset value.. 4788.92 BogoMIPS (lpj=9577848)
[   12.354095] pid_max: deault: 32768 minimum: 301
[   12.382098] ACPI: Core revision 20150930
[   12.469730] ACPI: 2 ACPI AML tables successfully acquired and loaded
[   12.568735] Security Framework initialized
[   12.569527] Yama: becoming mindful.
[   12.570222] AppArmor: AppArmor initialized
[   12.571068] Dentry cache hash table entries: 131072 (order: 8, 1048576 bytes)
[   12.584568] Inode-cache hash table entries: 65536 (order: 7, 524288 bytes)
[   12.597872] Mount-cache hash table entries: 2048 (order: 2, 16384 bytes)
[   12.749114] Mountpoint-cache hash table entries: 2048 (order: 2, 16384 bytes)
[   12.913360] Initializing cgroup subsys io
[   12.985312] Initializing cgroup subsys memory
[   13.073229] Initializing cgroup subsys devices
[   13.169845] Initializing cgroup subsys freezer
[   13.252847] Initializing cgroup subsys net_cls
[   13.323417] Initializing cgroup subsys perf_event
[   13.324318] Initializing cgroup subsys net_prio
[   13.325087] Initializing cgroup subsys hugetlb
[   13.325818] Initializing cgroup subsys pids
[   13.327370] mce: CPU supports 0 MCE banks
[   13.328067] Last level iTLB entries: 4KB 1024, 2MB 1024, 4MB 1024
[   13.329028] Last level dTLB entries: 4KB 1024, 2MB 1024, 4MB 1024, 1GB 4
[   13.330038] Spectre V2 : Mitigation: Full generic retpoline
[   13.330924] Spectre V2 : Spectre v2 mitigation: Speculation control IBPB not-supported IBRS not-supported
[   13.332233] Spectre V2 : Spectre v2 / SpectreRSB mitigation: Filling RSB on context switch
[   13.333873] Speculative Store Bypass: Vulnerable
[   13.336906] Freeing SMP alternatives memory: 32K
[   13.344658] ftrace: allocating 32278 entries in 127 pages
[   13.423214] smpboot: APIC(0) Converting physical 0 to logical package 0
[   13.559600] smpboot: Max logical packages: 1
[   13.560599] x2apic enabled
[   13.561328] Switched APIC routing to physical x2apic.
[   13.563133] ..TIMER: vector=0x30 apic1=0 pin1=2 apic2=-1 pin2=-1
[   13.673317] smpboot: CPU0: Intel(R) Core(TM) i7-4700MQ CPU @ 2.40GHz (family: 0x6, model: 0x3c, stepping: 0x3)
[   13.710330] Performance Events: unsupported p6 CPU model 60 no PMU driver, software events only.
[   13.711923] KVM setup paravirtual spinlock
[   13.713317] x86: Booting SMP configuration:
[   13.714024] .... node  #0, CPUs:      #1
[   13.714769] kvm-clock: cpu 1, msr 0:3ffe3041, secondary cpu clock
[   13.760327] mce: CPU supports 0 MCE banks
[   13.762761] x86: Booted up 1 node, 2 CPUs
[   13.782163] smpboot: Total of 2 processors activated (9577.84 BogoMIPS)
[   13.783516] devtmpfs: initialized
[   13.785307] evm: security.selinux
[   13.785911] evm: security.SMACK64
[   13.786556] evm: security.SMACK64EXEC
[   13.798517] evm: security.SMACK64TRANSMUTE
[   13.832497] evm: security.SMACK64MMAP
[   13.882792] evm: security.ima
[   13.883393] evm: security.capability
[   13.884239] clocksource: jiffies: mask: 0xffffffff max_cycles: 0xffffffff, max_idle_ns: 7645041785100000 ns
[   14.041904] futex hash table entries: 512 (order: 3, 32768 bytes)
[   14.119950] pinctrl core: initialized pinctrl subsystem
[   14.175589] RTC time:  9:41:28, date: 11/15/18
[   14.176570] NET: Registered protocol family 16
[   14.186922] cpuidle: using governor ladder
[   14.295622] cpuidle: using governor menu
[   14.410127] PCCT header not found.
[   14.503876] ACPI: bus type PCI registered
[   14.622954] acpiphp: ACPI Hot Plug PCI Controller Driver version: 0.5
[   14.640379] PCI: Using configuration type 1 for base access
[   14.653710] ACPI: Added _OSI(Module Device)
[   14.685622] ACPI: Added _OSI(Processor Device)
[   14.689876] ACPI: Added _OSI(3.0 _SCP Extensions)
[   14.725086] ACPI: Added _OSI(Processor Aggregator Device)
[   14.734685] ACPI: Executed 1 blocks of module-level executable AML code
[   14.737637] ACPI: Interpreter enabled
[   14.769613] ACPI: (supports S0 S5)
[   14.859342] ACPI: Using IOAPIC for interrupt routing
[   15.000197] PCI: Using host bridge windows from ACPI; if necessary, use "pci=nocrs" and report a bug
[   15.187876] ACPI: PCI Root Bridge [PCI0] (domain 0000 [bus 00-ff])
[   15.196922] acpi PNP0A03:00: _OSC: OS supports [ASPM ClockPM Segments MSI]
[   15.198075] acpi PNP0A03:00: _OSC: not requesting OS control; OS requires [ExtendedConfig ASPM ClockPM MSI]
[   15.226846] acpi PNP0A03:00: fail to add MMCONFIG information, can't access extended PCI configuration space under this bridge.
[   15.498609] PCI host bridge to bus 0000:00
[   15.601458] pci_bus 0000:00: root bus resource [io  0x0000-0x0cf7 window]
[   15.739246] pci_bus 0000:00: root bus resource [io  0x0d00-0xffff window]
[   15.740296] pci_bus 0000:00: root bus resource [mem 0x000a0000-0x000bffff window]
[   15.747592] pci_bus 0000:00: root bus resource [mem 0x40000000-0xfdffffff window]
[   15.750982] pci_bus 0000:00: root bus resource [bus 00-ff]
[   15.753466] pci 0000:00:01.1: legacy IDE quirk: reg 0x10: [io  0x01f0-0x01f7]
[   15.754652] pci 0000:00:01.1: legacy IDE quirk: reg 0x14: [io  0x03f6]
[   15.764779] pci 0000:00:01.1: legacy IDE quirk: reg 0x18: [io  0x0170-0x0177]
[   15.873915] pci 0000:00:01.1: legacy IDE quirk: reg 0x1c: [io  0x0376]
[   15.988921] pci 0000:00:07.0: quirk: [io  0x4000-0x403f] claimed by PIIX4 ACPI
[   16.175150] pci 0000:00:07.0: quirk: [io  0x4100-0x410f] claimed by PIIX4 SMB
[   16.375429] ACPI: PCI Interrupt Link [LNKA] (IRQs 5 9 10 *11)
[   16.477967] ACPI: PCI Interrupt Link [LNKB] (IRQs 5 9 *10 11)
[   16.479285] ACPI: PCI Interrupt Link [LNKC] (IRQs 5 *9 10 11)
[   16.536318] ACPI: PCI Interrupt Link [LNKD] (IRQs 5 9 10 *11)
[   16.667040] ACPI: Enabled 2 GPEs in block 00 to 07
[   16.794080] vgaarb: setting as boot device: PCI:0000:00:02.0
[   16.803208] vgaarb: device added: PCI:0000:00:02.0,decodes=io+mem,owns=io+mem,locks=none
[   16.804593] vgaarb: loaded
[   16.805161] vgaarb: bridge control possible 0000:00:02.0
[   16.806237] SCSI subsystem initialized
[   16.807051] ACPI: bus type USB registered
[   16.809481] usbcore: registered new interface driver usbfs
[   16.810489] usbcore: registered new interface driver hub
[   16.812914] usbcore: registered new device driver usb
[   16.826186] PCI: Using ACPI for IRQ routing
[   16.908410] NetLabel: Initializing
[   16.988182] NetLabel:  domain hash size = 128
[   17.093644] NetLabel:  protocols = UNLABELED CIPSOv4
[   17.222510] NetLabel:  unlabeled traffic allowed by default
[   17.236824] amd_nb: Cannot enumerate AMD northbridges
[   17.358281] clocksource: Switched to clocksource kvm-clock
[   .5586]ApArr:ApArorilystm nale
  179528 pp:Pn AI it[  1.2509]pnp: PP CP: foun3 vies

[   18.675632] clocksource: acpi_pm: mask: 0xffffff max_cycles: 0xffffff, max_idle_ns: 2085701024 ns
[   18.698308] NET: Registered protocol family 2
[   18.699166] TCP established hash table entries: 8192 (order: 4, 65536 bytes)
[   18.700257] TCP bind hash table entries: 8192 (order: 5, 131072 bytes)
[   18.701248] TCP: Hash tables configured (established 8192 bind 8192)
[   18.702283] UDP hash table entries: 512 (order: 2, 16384 bytes)
[   18.759979] UDP-Lite hash table entries: 512 (order: 2, 16384 bytes)
[   18.760967] NET: Registered protocol family 1
[   18.761732] pci 0000:00:00.0: Limiting direct PCI/PCI transfers
[   18.762720] pci 0000:00:01.0: Activating ISA DMA hang workarounds
[   18.763763] Unpacking initramfs...
[   19.185317] Freeing initrd memory: 14800K
[   19.254042] RAPL PMU detected, API unit is 2^-32 Joules, 4 fixed counters 10737418240 ms ovfl timer
[   19.255730] hw unit of domain pp0-core 2^-0 Joules
[   19.256505] hw unit of domain package 2^-0 Joules
[   19.257267] hw unit of domain dram 2^-0 Joules
[   19.257999] hw unit of domain pp1-gpu 2^-0 Joules
[   19.258839] platform rtc_cmos: registered platform RTC device (no PNP device found)
[   19.266944] Scanning for low memory corruption every 60 seconds
[   19.268213] audit: initializing netlink subsys (disabled)
[   19.359285] audit: type=2000 audit(1542274881.969:1): initialized
[   19.495229] Initialise system trusted keyring
[   19.563458] HugeTLB registered 2 MB page size, pre-allocated 0 pages
[   19.653354] zbud: loaded
[   19.693406] VFS: Disk quotas dquot_6.6.0
[   19.767333] VFS: Dquot-cache hash table entries: 512 (order 0, 4096 bytes)
[   19.770217] squashfs: version 4.0 (2009/01/31) Phillip Lougher
[   19.771435] fuse init (API version 7.23)
[   19.833824] Key type big_key registered
[   19.911809] Allocating IMA MOK and blacklist keyrings.
[   19.971738] Key type asymmetric registered
[   19.975421] Asymmetric key parser 'x509' registered
[   19.984557] Block layer SCSI generic (bsg) driver version 0.4 loaded (major 249)
[   20.000111] io scheduler noop registered
[   20.000827] io scheduler deadline registered (default)
[   20.009704] io scheduler cfq registered
[   20.010527] pci_hotplug: PCI Hot Plug PCI Core version: 0.5
[   20.011406] pciehp: PCI Express Hot Plug Controller Driver version: 0.4
[   20.012510] ACPI: AC Adapter [AC] (on-line)
[   20.013286] input: Power Button as /devices/LNXSYSTM:00/LNXPWRBN:00/input/input0
[   20.014589] ACPI: Power Button [PWRF]
[   20.044689] input: Sleep Button as /devices/LNXSYSTM:00/LNXSLPBN:00/input/input1
[   20.056012] ACPI: Sleep Button [SLPF]
[   20.056932] GHES: HEST is not enabled!
[   20.057516] ACPI: Battery Slot [BAT0] (battery present)
[   20.058554] Serial: 8250/16550 driver, 32 ports, IRQ sharing enabled
[   20.081515] 00:02: ttyS0 at I/O 0x3f8 (irq = 4, base_baud = 115200) is a 16550A
[   20.083707] Linux agpgart interface v0.103
[   20.086332] loop: module loaded
[   20.094318] scsi host0: ata_piix
[   20.095127] scsi host1: ata_piix
[   20.095759] ata1: PATA max UDMA/33 cmd 0x1f0 ctl 0x3f6 bmdma 0xd000 irq 14
[   20.096782] ata2: PATA max UDMA/33 cmd 0x170 ctl 0x376 bmdma 0xd008 irq 15
[   20.190405] libphy: Fixed MDIO Bus: probed
[   20.195371] tun: Universal TUN/TAP device driver, 1.6
[   20.203103] tun: (C) 1999-2004 Max Krasnyansky <maxk@qualcomm.com>
[   20.213742] PPP generic driver version 2.4.2
[   20.214574] ehci_hcd: USB 2.0 'Enhanced' Host Controller (EHCI) Driver
[   20.215579] ehci-pci: EHCI PCI platform driver
[   20.216347] ehci-platform: EHCI generic platform driver
[   20.217179] ohci_hcd: USB 1.1 'Open' Host Controller (OHCI) Driver
[   20.218122] ohci-pci: OHCI PCI platform driver
[   20.218894] ohci-platform: OHCI generic platform driver
[   20.219730] uhci_hcd: USB Universal Host Controller Interface driver
[   20.252792] i8042: PNP: PS/2 Controller [PNP0303:PS2K,PNP0f03:PS2M] at 0x60,0x64 irq 1,12
[   20.264749] tsc: Refined TSC clocksource calibration: 2394.451 MHz
[   20.265742] clocksource: tsc: mask: 0xffffffffffffffff max_cycles: 0x2283bd8fb63, max_idle_ns: 440795300194 ns
[   20.267775] serio: i8042 KBD port at 0x60,0x64 irq 1
[   20.268595] serio: i8042 AUX port at 0x60,0x64 irq 12
[   20.269494] mousedev: PS/2 mouse device common for all mice
[   20.270903] rtc_cmos rtc_cmos: rtc core: registered rtc_cmos as rtc0
[   20.271948] rtc_cmos rtc_cmos: alarms up to one day, 114 bytes nvram
[   20.272941] i2c /dev entries driver
[   20.273616] input: AT Translated Set 2 keyboard as /devices/platform/i8042/serio0/input/input2
[   20.275144] device-mapper: uevent: version 1.0.3
[   20.311258] device-mapper: ioctl: 4.34.0-ioctl (2015-10-28) initialised: dm-devel@redhat.com
[   20.341468] ledtrig-cpu: registered to indicate activity on CPUs
[   20.342785] NET: Registered protocol family 10
[   20.379875] NET: Registered protocol family 17
[   20.416005] Key type dns_resolver registered
[   20.416960] registered taskstats version 1
[   20.419649] Loading compiled-in X.509 certificates
[   20.439990] Loaded X.509 cert 'Build time autogenerated kernel key: 9a104bc44b81e9426fe5c715e47d021d02d69eba'
[   20.441560] zswap: loaded using pool lzo/zbud
[   20.443853] Key type trusted registered
[   20.473490] Key type encrypted registered
[   20.521162] AppArmor: AppArmor sha1 policy hashing enabled
[   20.534456] ima: No TPM chip found, activating TPM-bypass!
[   20.535323] ima: Allocated hash algorithm: sha1
[   20.611964] evm: HMAC attrs: 0x1
[   20.620256]   Magic number: 10:244:677
[   20.661808] rtc_cmos rtc_cmos: setting system clock to 2018-11-15 09:41:35 UTC (1542274895)
[   20.670149] BIOS EDD facility v0.16 2004-Jun-25, 0 devices found
[   20.677931] EDD information not available.
[   20.679697] Freeing unused kernel memory: 1528K
[   20.691181] Write protecting the kernel read-only data: 14336k
[   20.706093] Freeing unused kernel memory: 1664K
[   20.707087] Freeing unused kernel memory: 92K
Loading, please wait...
starting version[   20.725198] random: systemd-udevd: uninitialized urandom read (16 bytes read, 2 bits of entropy available)
 229
[   20.726458] random: udevadm: uninitialized urandom read (16 bytes read, 2 bits of entropy available)
[   20.726496] random: udevadm: uninitialized urandom read (16 bytes read, 2 bits of entropy available)
[   20.742120] random: udevadm: uninitialized urandom read (16 bytes read, 2 bits of entropy available)
[   20.742206] random: udevadm: uninitialized urandom read (16 bytes read, 2 bits of entropy available)
[   20.742540] random: udevadm: uninitialized urandom read (16 bytes read, 2 bits of entropy available)
[   20.742642] random: udevadm: uninitialized urandom read (16 bytes read, 2 bits of entropy available)
[   20.742742] random: udevadm: uninitialized urandom read (16 bytes read, 2 bits of entropy available)
[   20.742839] random: udevadm: uninitialized urandom read (16 bytes read, 2 bits of entropy available)
[   20.742976] random: udevadm: uninitialized urandom read (16 bytes read, 2 bits of entropy available)
[   20.868816] Fusion MPT base driver 3.04.20
[   20.922002] Copyright (c) 1999-2008 LSI Corporation
[   20.941021] e1000: Intel(R) PRO/1000 Network Driver - version 7.3.21-k8-NAPI
[   20.943503] e1000: Copyright (c) 1999-2006 Intel Corporation.
[   20.961870] AVX2 version of gcm_enc/dec engaged.
[   20.962839] AES CTR mode by8 optimization enabled
[   20.982639] Fusion MPT SPI Host driver 3.04.20
[   21.178675] input: ImExPS/2 Generic Explorer Mouse as /devices/platform/i8042/serio1/input/input4
[   21.327980] e1000 0000:00:03.0 eth0: (PCI:33MHz:32-bit) 02:d4:8a:2a:0f:ed
[   21.450744] e1000 0000:00:03.0 eth0: Intel(R) PRO/1000 Network Connection
[   21.452441] mptbase: ioc0: Initiating bringup
[   21.591724] ioc0: LSI53C1030 A0: Capabilities={Initiator}
[   22.685189] scsi host2: ioc0: LSI53C1030 A0, FwRev=00000000h, Ports=1, MaxQ=256, IRQ=20
[   23.504247] scsi 2:0:0:0: Direct-Access     VBOX     HARDDISK         1.0  PQ: 0 ANSI: 5
[   23.565968] scsi target2:0:0: Beginning Domain Validation
[   23.604073] scsi target2:0:0: Domain Validation skipping write tests
[   23.700671] scsi target2:0:0: Ending Domain Validation
[   23.738239] scsi target2:0:0: asynchronous
[   23.771483] scsi 2:0:1:0: Direct-Access     VBOX     HARDDISK         1.0  PQ: 0 ANSI: 5
[   23.819048] scsi target2:0:1: Beginning Domain Validation
[   23.820827] scsi target2:0:1: Domain Validation skipping write tests
[   23.821910] scsi target2:0:1: Ending Domain Validation
[   23.823998] scsi target2:0:1: asynchronous
[   23.875111] e1000 0000:00:08.0 eth1: (PCI:33MHz:32-bit) 08:00:27:cb:b1:38
[   23.987607] e1000 0000:00:08.0 eth1: Intel(R) PRO/1000 Network Connection
[   24.153616] e1000 0000:00:03.0 enp0s3: renamed from eth0
[   24.215329] sd 2:0:0:0: [sda] 20971520 512-byte logical blocks: (10.7 GB/10.0 GiB)
[   24.215418] sd 2:0:0:0: Attached scsi generic sg0 type 0
[   24.215780] sd 2:0:1:0: Attached scsi generic sg1 type 0
[   24.217695] sd 2:0:1:0: [sdb] 20480 512-byte logical blocks: (10.5 MB/10.0 MiB)
[   24.220046] sd 2:0:1:0: [sdb] Write Protect is off
[   24.220065] sd 2:0:0:0: [sda] Write Protect is off
[   24.220131] sd 2:0:0:0: [sda] Incomplete mode parameter data
[   24.220132] sd 2:0:0:0: [sda] Assuming drive cache: write through
[   24.224477] sd 2:0:1:0: [sdb] Incomplete mode parameter data
[   24.224890]  sda: sda1
[   24.254172] sd 2:0:1:0: [sdb] Assuming drive cache: write through
[   24.376124] e1000 0000:00:08.0 enp0s8: renamed from eth1
[   24.379734] sd 2:0:0:0: [sda] Attached SCSI disk
[   24.381113] sd 2:0:1:0: [sdb] Attached SCSI disk
Begin: Loading essential drivers ... [   25.811391] md: linear personality registered for level -1
[   25.845428] md: multipath personality registered for level -4
[   25.968767] md: raid0 personality registered for level 0
[   25.979206] md: raid1 personality registered for level 1
[   26.074358] raid6: sse2x1   gen()  9916 MB/s
[   26.202375] raid6: sse2x1   xor()  7677 MB/s
[   26.350605] raid6: sse2x2   gen() 12422 MB/s
[   26.470683] raid6: sse2x2   xor()  8154 MB/s
[   26.642562] raid6: sse2x4   gen() 14559 MB/s
[   26.766533] raid6: sse2x4   xor() 10204 MB/s
[   26.846611] raid6: avx2x1   gen() 19484 MB/s
[   26.938345] raid6: avx2x2   gen() 22204 MB/s
[   27.006706] raid6: avx2x4   gen() 25966 MB/s
[   27.058573] raid6: using algorithm avx2x4 gen() 25966 MB/s
[   27.132327] raid6: using avx2x2 recovery algorithm
[   27.154543] xor: automatically using best checksumming function:
[   27.194478]    avx       : 25358.000 MB/sec
[   27.212712] async_tx: api initialized (async)
[   27.220516] md: raid6 personality registered for level 6
[   27.221483] md: raid5 personality registered for level 5
[   27.346202] md: raid4 personality registered for level 4
[   27.476307] md: raid10 personality registered for level 10
done.
Begin: Running /scripts/init-premount ... done.
Begin: Mounting root file system ... Begin: Running /scripts/local-top ... done.
Begin: Running /scripts/local-premount ... [   27.505021] Btrfs loaded
Scanning for Btrfs filesystems
done.
Warning: fsck no[   27.534256] EXT4-fs (sda1): mounted filesystem with ordered data mode. Opts: (null)
t present, so skipping root file system
done.
Begin: Running /scripts/local-bottom ... done.
Begin: Running /scripts/init-bottom ... done.
[   27.793801] systemd[1]: systemd 229 running in system mode. (+PAM +AUDIT +SELINUX +IMA +APPARMOR +SMACK +SYSVINIT +UTMP +LIBCRYPTSETUP +GCRYPT +GNUTLS +ACL +XZ -LZ4 +SECCOMP +BLKID +ELFUTILS +KMOD -IDN)
[   27.879838] systemd[1]: Detected virtualization oracle.
[   27.880764] systemd[1]: Detected architecture x86-64.

Welcome to [1mUbuntu 16.04.5 LTS[0m!

[   27.893237] systemd[1]: Set hostname to <ubuntu>.
[   27.913072] systemd[1]: Initializing machine ID from random generator.
[   27.914447] systemd[1]: Installed transient /etc/machine-id file.
[   28.037993] systemd[1]: Listening on LVM2 poll daemon socket.
[[0;32m  OK  [0m] Listening on LVM2 poll daemon socket.
[   28.040105] systemd[1]: Listening on LVM2 metadata daemon socket.
[[0;32m  OK  [0m] Listening on LVM2 metadata daemon socket.
[ 280523 sstmd1]: StartedFowad asorReuetsto Wall Dretoy tc
[[0;32m  OK  [0m] Started Forward Password Requests to Wall Directory Watch.
[  2.791] ystemd[1 Lstin on SysogSoet
[[0;32m  OK  [0m] Listening on Syslog Socket.
[   293072 sstmd1]Liteing  Jrnl ocket.
[[0;32m  OK  [0m] Listening on Journal Socket.
[  2.8581]syte[1: acedaret Encrypt Vlues
[[0;32m  OK  [0m] Reached target Encrypted Volumes.
[  3.5381] sysem1] Cead li Sstm lie.

[[0;32m  OK  [0m] Created slice System Slice.
[   31.074731] systemd[1]: Starting Uncomplicated firewall...
         Starting Uncomplicated firewall...
[   31.142256] systemd[1]: Mounting POSIX Message Queue File System...
         Mounting POSIX Message Queue File System...
[   31.186708] systemd[1]: Starting Set console keymap...
         Starting Set console keymap...
[   31.263020] systemd[1]: Reached target System Time Synchronized.
[[0;32m  OK  [0m] Reached target System Time Synchronized.
[   31.399154] systemd[1]: Mounting Debug File System...
         Mounting Debug File System...
[   31.425529] systemd[1]: Starting Remount Root and Kernel File Systems...
[   31.429757] EXT4-fs (sda1): re-mounted. Opts: (null)
         Starting Remount Root and Kernel File Systems...
[   31.625416] systemd[1]: Created slice User and Session Slice.
[[0;32m  OK  [0m] Created slice User and Session Slice.
[   31.666306] systemd[1]: Reached target Slices.
[[0;32m  OK  [0m] Reached target Slices.
[   31.667856] systemd[1]: Reached target Swap.
[[0;32m  OK  [0m] Reached target Swap.
[   31.682398] systemd[1]: Starting Nameserver information manager...
         Starting Nameserver information manager...
[   31.722854] systemd[1]: Reached target User and Group Name Lookups.
[[0;32m  OK  [0m] Reached target User and Group Name Lookups.
[   31.732579] systemd[1]: Listening on udev Kernel Socket.
[[0;32m  OK  [0m] Listening on udev Kernel Socket.
[   31.785567] systemd[1]: Listening on Device-mapper event daemon FIFOs.
[[0;32m  OK  [0m] Listening on Device-mapper event daemon FIFOs.
[   31.810476] systemd[1]: Starting Monitoring of LVM2 mirrors, snapshots etc. using dmeventd or progress polling...
         Starting Monitoring of LVM2 mirrors... dmeventd or progress polling...
[   31.871639] systemd[1]: Listening on Journal Socket (/dev/log).
[[0;32m  OK  [0m] Listening on Journal Socket (/dev/log).
[   31.991103] systemd[1]: Starting Create list of required static device nodes for the current kernel...
         Starting Create list of required st... nodes for the current kernel...
[   32.107019] systemd[1]: Listening on udev Control Socket.
[[0;32m  OK  [0m] Listening on udev Control Socket.
[   32.194712] systemd[1]: Set up automount Arbitrary Executable File Formats File System Automount Point.
[[0;32m  OK  [0m] Set up automount Arbitrary Executab...ats File System Automount Point.
[   32.212253] random: nonblocking pool is initialized
[   32.227008] systemd[1]: Created slice system-serial\x2dgetty.slice.
[[0;32m  OK  [0m] Created slice system-serial\x2dgetty.slice.
[   32.250661] systemd[1]: Mounting Huge Pages File System...
         Mounting Huge Pages File System...
[   32.292099] systemd[1]: Listening on Journal Audit Socket.
[[0;32m  OK  [0m] Listening on Journal Audit Socket.
[   32.382576] systemd[1]: Starting Journal Service...
         Starting Journal Service...
[   32.455183] systemd[1]: Listening on /dev/initctl Compatibility Named Pipe.
[[0;32m  OK  [0m] Listening on /dev/initctl Compatibility Named Pipe.
[   32.519951] systemd[1]: Started Trigger resolvconf update for networkd DNS.
[[0;32m  OK  [0m] Started Trigger resolvconf update for networkd DNS.
[   32.667595] systemd[1]: Starting Load Kernel Modules...
[   3270398] Loading iSCSI transport class v2.0-870.

         Starting Load Kernel Modules...
[   32.772463] iscsi: registered transport (tcp)
[   32.775937] systemd[1]: Mounted Debug File System.
[[0;32m  OK  [0m] Mounted Debu[   32.792965] iscsi: registered transport (iser)
g File System.
[   32.795928] systemd[1]: Mounted POSIX Message Queue File System.
[[0;32m  OK  [0m] Mounted POSIX Message Queue File System.
[   32.906457] systemd[1]: Mounted Huge Pages File System.
[[0;32m  OK  [0m] Mounted Huge Pages File System.
[   32.969188] systemd[1]: Started Journal Service.
[[0;32m  OK  [0m] Started Journal Service.
[[0;32m  OK  [0m] Started Uncomplicated firewall.
[[0;32m  OK  [0m] Started Set console keymap.
[[0;32m  OK  [0m] Started Remount Root and Kernel File Systems.
[[0;32m  OK  [0m] Started Create list of required sta...ce nodes for the current kernel.
[[0;32m  OK  [0m] Started Load Kernel Modules.
[[0;32m  OK  [0m] Started Nameserver information manager.
[[0;32m  OK  [0m] Started LVM2 metadata daemon.
         Mounting FUSE Control File System...
         Starting Apply Kernel Variables...
         Starting Create Static Device Nodes in /dev...
         Starting udev Coldplug all Devices...
         Starting Load/Save Random Seed...
         Starting Flush Journal to Persistent Storage...
[[0;32m  OK  [0m] Mounted FUSE Control File System.
[[0;32m  OK  [0m] Started Apply Kernel Variables.
[[0;32m  OK  [0m] Started Create Static Device Nodes in /dev.
[[0;32m  OK  [0m] Started Load/Save Random Seed.
[[0;32m  OK  [0m] Started udev Coldplug all Devices.
         Starting udev Kernel Device Manager...
[[0;32m  OK  [0m] Started Flush Journal to Persistent Storage.
[[0;32m  OK  [0m] Started udev Kernel Device Manager.
[[0;32m  OK  [0m] Started Monitoring of LVM2 mirrors,...ng dmeventd or progress polling.
[[0;32m  OK  [0m] Reached target Local File Systems (Pre).
[[0;32m  OK  [0m] Reached target Local File Systems.
         Starting Initial cloud-init job (pre-networking)...
         Starting Commit a transient machine-id on disk...
         Starting Tell Plymouth To Write Out Runtime Data...
         Starting Create Volatile Files and Directories...
         Starting Set console font and keymap...
         Starting LSB: AppArmor initialization...
[[0;32m  OK  [0m] Started Dispatch Password Requests to Console Directory Watch.
[[0;32m  OK  [0m] Started Tell Plymouth To Write Out Runtime Data.
[[0;32m  OK  [0m] Started Create Volatile Files and Directories.
[[0;32m  OK  [0m] Started Commit a transient machine-id on disk.
         Starting Update UTMP about System Boot/Shutdown...
[[0;32m  OK  [0m] Started Update UTMP about System Boot/Shutdown.
[[0;32m  OK  [0m] Found device /dev/ttyS0.
[[0;32m  OK  [0m] Listening on Load/Save RF Kill Switch Status /dev/rfkill Watch.
[   18.217496] cloud-init[476]: Cloud-init v. 18.4-0ubuntu1~16.04.2 running 'init-local' at Thu, 15 Nov 2018 09:41:49 +0000. Up 17.95 seconds.
[[0;32m  OK  [0m] Started LSB: AppArmor initialization.
[[0;32m  OK  [0m] Started Initial cloud-init job (pre-networking).
[[0;32m  OK  [0m] Started Set console font and keymap.
[[0;32m  OK  [0m] Created slice system-getty.slice.
[[0;32m  OK  [0m] Reached target Network (Pre).
         Starting Raise network interfaces...
[[0;32m  OK  [0m] Started Raise network interfaces.
         Starting Initial cloud-init job (metadata service crawler)...
[[0;32m  OK  [0m] Reached target Network.
[   19.622010] cloud-init[936]: Cloud-init v. 18.4-0ubuntu1~16.04.2 running 'init' at Thu, 15 Nov 2018 09:41:50 +0000. Up 19.08 seconds.
[   19.668370] cloud-init[936]: ci-info: ++++++++++++++++++++++++++++++++++++++Net device info++++++++++++++++++++++++++++++++++++++
[   19.668669] cloud-init[936]: ci-info: +--------+-------+---------------------------+---------------+--------+-------------------+
[[0;32m  OK  [0m] Started Initial cloud-init job (metadata service crawler).
[   19.668824] cloud-init[936]: ci-info: | Device |   Up  |          Address          |      Mask     | Scope  |     Hw-Address    |
[   19.740882] cloud-init[936]: ci-info: +--------+-------+---------------------------+---------------+--------+-------------------+
[[0;32m  OK  [0m] Reached target System Initialization.
[   19.742016] cloud-init[936]: ci-info: | enp0s3 |  True |         10.0.2.15         | 255.255.255.0 | global | 02:d4:8a:2a:0f:ed |
[   19.889690] cloud-init[936]: ci-info: | enp0s3 |  True | fe80::d4:8aff:fe2a:fed/64 |       .       |  link  | 02:d4:8a:2a:0f:ed |
[   19.890819] cloud-init[936]: ci-info: | enp0s8 | False |             .             |       .       |   .    | 08:00:27:cb:b1:38 |
[[0;32m  OK  [0m] Started Daily Cleanup of Temporary Directories.
[   19.891363] cloud-init[936]: ci-info: |   lo   |  True |         127.0.0.1         |   255.0.0.0   |  host  |         .         |
[   20.153475] cloud-init[936]: ci-info: |   lo   |  True |          ::1/128          |       .       |  host  |         .         |
[   20.154579] cloud-init[936]: ci-info: +--------+-------+---------------------------+---------------+--------+-------------------+
[   20.155201] cloud-init[936]: ci-info: +++++++++++++++++++++++++++Route IPv4 info++++++++++++++++++++++++++++
         Starting LXD - unix socket.
[   20.155840] cloud-init[936]: ci-info: +-------+-------------+----------+---------------+-----------+-------+
[   20.406149] cloud-init[936]: ci-info: | Route | Destination | Gateway  |    Genmask    | Interface | Flags |
[[0;32m  OK  [0m] Listening on UUID daemon activation socket.
[   20.406844] cloud-init[936]: ci-info: +-------+-------------+----------+---------------+-----------+-------+
[   20.637521] cloud-init[936]: ci-info: |   0   |   0.0.0.0   | 10.0.2.2 |    0.0.0.0    |   enp0s3  |   UG  |
         [   20.638562] Starting Socket activation for snappy daemon.cloud-init
[936]: ci-info: |   1   |   10.0.2.0  | 0.0.0.0  | 255.255.255.0 |   enp0s3  |   U   |
[   20.777417] cloud-init[936]: ci-info: +-------+-------------+----------+---------------+-----------+-------+
[   20.778546] cloud-init[936]: ci-info: +++++++++++++++++++Route IPv6 info+++++++++++++++++++
[[0;32m  OK  [0m] Listening on ACPID Listen Socket.
[[   20.779113] cloud-init[936]: ci-info: +-------+-------------+---------+-----------+-------+
[   20.946459] cloud-init[936]: ci-info: | Route | Destination | Gateway | Interface | Flags |
[0;32m  OK  [0m] Started Daily apt download activities.
[   20.946911] cloud-init[936]: ci-info: +-------+-------------+---------+-----------+-------+
[   21.302432] cloud-init[936]: ci-info: |   0   |  fe80::/64  |    ::   |   enp0s3  |   U   |
[   21.303292] cloud-init[936]: ci-info: |   3   |   ff00::/8  |    ::   |   enp0s3  |   U   |
[   21.303793] cloud-init[936]: ci-info: +-------+-------------+---------+-----------+-------+
[   21.304942] cloud-init[936]: Generating public/private rsa key pair.
[   21.305498] cloud-init[936]: Your identification has been saved in /etc/ssh/ssh_host_rsa_key.
[   21.306008] cloud-init[936]: Your public key has been saved in /etc/ssh/ssh_host_rsa_key.pub.
[   21.307099] cloud-init[936]: The key fingerprint is:
[   21.307624] cloud-init[936]: SHA256:8bsH31ETk/a1jna8pxKJFQjOnu9dW7QjUbv1hTMmqQw root@ubuntu-xenial
[   21.308206] cloud-init[936]: The key's randomart image is:
[   21.308657] cloud-init[936]: +---[RSA 2048]----+
[   21.309133] cloud-init[936]: |        .. .    .|
[   21.309736] cloud-init[936]: |       o  . .  =.|
[   21.310311] cloud-init[936]: |        +    ...*|
[   21.311790] cloud-init[936]: |       . +  ...++|
[   21.312872] cloud-init[936]: |        E .oooOo=|
[   21.313902] cloud-init[936]: |         +ooo=oB*|
[   21.314523] cloud-init[936]: |          =o.+o=+|
[   21.315011] cloud-init[936]: |         . o+.o+o|
[   21.315642] cloud-init[936]: |          o...o..|
[   21.316243] cloud-init[936]: +----[SHA256]-----+
[   21.316681] cloud-init[936]: Generating public/private dsa key pair.
[   21.317279] cloud-init[936]: Your identification has been saved in /etc/ssh/ssh_host_dsa_key.
[   21.317775] cloud-init[936]: Your public key has been saved in /etc/ssh/ssh_host_dsa_key.pub.
[   21.318335] cloud-init[936]: The key fingerprint is:
[   21.318819] cloud-init[936]: SHA256:83GJLXGLYFTQVo09D7mMIaQphj02YtBjOcaMu4bva8o root@ubuntu-xenial
[   21.319419] cloud-init[936]: The key's randomart image is:
[   21.319932] cloud-init[936]: +---[DSA 1024]----+
[   21.320978] cloud-init[936]: |  .= .  o=o..+ . |
[   21.321476] cloud-init[936]: |  ..Xo . o+ o *  |
[   21.322007] cloud-init[936]: |   ++oB =....+ = |
[   21.322568] cloud-init[936]: |  .. + = . *.oo .|
[   21.323073] cloud-init[936]: | . .    S = =    |
[   21.323545] cloud-init[936]: |. o      o +     |
[   21.324161] cloud-init[936]: | o        .      |
[   21.324693] cloud-init[936]: |. o              |
[   21.325445] cloud-init[936]: |.Eo.             |
[   21.326136] cloud-init[936]: +----[SHA256]-----+
[   21.326892] cloud-init[936]: Generating public/private ecdsa key pair.
[[0;32m  OK  [0m] Started Daily apt upgrade and clean activities.
[   21.327765] cloud-init[936]: Your identification has been saved in /etc/ssh/ssh_host_ecdsa_key.
[   22.564318] cloud-init[936]: Your public key has been saved in /etc/ssh/ssh_host_ecdsa_key.pub.
[   22.564669] cloud-init[936]: The key fingerprint is:
[[0;32m  OK  [0m] Reached target Timers.
[   22.564826] cloud-init[936]: SHA256:gNyIr5dj6h+kIOcethERZB26MXzGzp+Jeu8KoDM85/M root@ubuntu-xenial
[   22.698373] cloud-init[936]: The key's randomart image is:
[[0;32m  OK  [0m] Listening on D-Bus System Message Bus Socket.
[   22.698904] cloud-init[936]: +---[ECDSA 256]---+
[   22.881441] cloud-init[936]: | .+...           |
[   22.882580] cloud-init[936]: | o *.+           |
[[0;32m  OK  [0m] Started ACPI Events Check.
[   22.883287] cloud-init[936]: |  B B o          |
[   22.974541] cloud-init[936]: |   @   .         |
[[0;32m  OK  [0m] Reached target Paths.
[   22.975110] cloud-init[936]: |+ + =   S        |
[   23.078628] cloud-init[936]: |+= = + o         |
[[0;32m  OK  [0m] Reached target Network is Online.
[   23.079036] cloud-init[936]: |+oO.B +          |
[   23.257278] cloud-init[936]: | =+@.o           |
[   23.292424] cloud-init[936]: | .*+=Eo          |
[   23.293319] cloud-init[936]: +----[SHA256]-----+
         Starting iSCSI initiator daemon (iscsid)...
[[   23.293889] cloud-init[936]: Generating public/private ed25519 key pair.
[   23.399267] cloud-init[936]: Your identification has been saved in /etc/ssh/ssh_host_ed25519_key.
[0;32m  OK  [0m] Reached target Cloud-config availability.
[   23.399795] cloud-init[936]: Your public key has been saved in /etc/ssh/ssh_host_ed25519_key.pub.
[   23.588680] cloud-init[936]: The key fingerprint is:
[   23.589746] cloud-init[936]: SHA256:eMlD9WlzuaYF80mTXClNaTHdJ8duCD13iMxHLz3D3sc root@ubuntu-xenial
[[0;32m  OK  [0m] Listening on LXD - unix socket.
[   23.590497] cloud-init[936]: The key's randomart image is:
[   23.638314] cloud-init[936]: +--[ED25519 256]--+
[   23.638911] cloud-init[936]: |          .o ++*B|
[   23.639568] cloud-init[936]: |         . .=+B@X|
[   23.641592] cloud-init[936]: |        .   Bo@@=|
[   23.642257] cloud-init[936]: |       + . . Bo**|
[[0;32m  OK  [0m] Listening on Socket activation for snappy daemon.
[   23.643926] cloud-init[936]: |      . S     *oE|
[   23.952932] cloud-init[936]: |       . .   +  .|
[   23.997220] cloud-init[936]: |            .    |
[   23.998371] cloud-init[936]: |                 |
[[0;32m  OK  [0m] Started iSCSI initiator daemon (iscsid).
[   23.998967] cloud-init[936]: |                 |
[   24.213098] cloud-init[936]: +----[SHA256]-----+
         Starting Login to default iSCSI targets...
[[0;32m  OK  [0m] Reached target Sockets.
[[0;32m  OK  [0m] Reached target Basic System.
         Starting LSB: Record successful boot for GRUB...
         Starting /etc/rc.local Compatibility...
[[0;32m  OK  [0m] Started FUSE filesystem for LXC.
         Starting LXD - container startup/shutdown...
         Starting LSB: MD monitoring daemon...
         Starting Accounts Service...
         Starting Pollinate to seed the pseudo random number generator...
         Starting Virtualbox guest utils...
[[0;32m  OK  [0m] Started Unattended Upgrades Shutdown.
         Starting Snappy daemon...
         Starting Login Service...
[[0;32m  OK  [0m] Started ACPI event daemon.
[[0;32m  OK  [0m] Started Deferred execution scheduler.
[[0;32m  OK  [0m] Started D-Bus System Message Bus.
[[0;32m  OK  [0m] Started Regular background program processing daemon.
         Starting System Logging Service...
[[0;32m  OK  [0m] Started /etc/rc.local Compatibility.
[[0;32m  OK  [0m] Started LXD - container startup/shutdown.
[[0;32m  OK  [0m] Started System Logging Service.
[[0;32m  OK  [0m] Started Snappy daemon.
[[0;32m  OK  [0m] Started LSB: Record successful boot for GRUB.
[[0;32m  OK  [0m] Started Login to default iSCSI targets.
[[0;32m  OK  [0m] Started LSB: MD monitoring daemon.
[[0;32m  OK  [0m] Started Pollinate to seed the pseudo random number generator.
[[0;32m  OK  [0m] Started Virtualbox guest utils.
[[0;32m  OK  [0m] Started Login Service.
         Starting Authenticate and Authorize Users to Run Privileged Tasks...
         Starting OpenBSD Secure Shell server...
[[0;32m  OK  [0m] Reached target Remote File Systems (Pre).
[[0;32m  OK  [0m] Reached target Remote File Systems.
         Starting LSB: daemon to balance interrupts for SMP systems...
         Starting LSB: automatic crash report generation...
         Starting Permit User Sessions...
         Starting LSB: Set the CPU Frequency Scaling governor to "ondemand"...
         Starting Wait until snapd is fully seeded...
[[0;32m  OK  [0m] Started Permit User Sessions.
[[0;32m  OK  [0m] Started Authenticate and Authorize Users to Run Privileged Tasks.
[[0;32m  OK  [0m] Started OpenBSD Secure Shell server.
[[0;32m  OK  [0m] Started Accounts Service.
         Starting Terminate Plymouth Boot Screen...
         Starting Hold until boot process finishes up...
[[0;32m  OK  [0m] Started LSB: daemon to balance interrupts for SMP systems.
[[0;32m  OK  [0m] Started LSB: automatic crash report generation.
[[0;32m  OK  [0m] Started LSB: Set the CPU Frequency Scaling governor to "ondemand".
[[0;32m  OK  [0m] Started Terminate Plymouth Boot Screen.
[[0;32m  OK  [0m] Started Hold until boot process finishes up.
[[0;32m  OK  [0m] Started Getty on tty1.
[[0;32m  OK  [0m] Started Serial Getty on ttyS0.
[[0;32m  OK  [0m] Reached target Login Prompts.
         Starting Set console scheme...
[[0;32m  OK  [0m] Started Set console scheme.
[[0;32m  OK  [0m] Created slice User Slice of vagrant.
         Starting User Manager for UID 1000...
[[0;32m  OK  [0m] Started Session 1 of user vagrant.
[[0;32m  OK  [0m] Started User Manager for UID 1000.
[[0;32m  OK  [0m] Started Wait until snapd is fully seeded.
[[0;32m  OK  [0m] Reached target Multi-User System.
[[0;32m  OK  [0m] Reached target Graphical Interface.
         Starting Update UTMP about System Runlevel Changes...
         Starting Apply the settings specified in cloud-config...
[[0;32m  OK  [0m] Started Update UTMP about System Runlevel Changes.
[   29.815731] cloud-init[1449]: Generating locales (this might take a while)...
[   30.645114] cloud-init[1449]:   en_US.UTF-8... done
[   30.646877] cloud-init[1449]: Generation complete.
[   30.890597] cloud-init[1449]: Cloud-init v. 18.4-0ubuntu1~16.04.2 running 'modules:config' at Thu, 15 Nov 2018 09:42:01 +0000. Up 29.71 seconds.
[[0;32m  OK  [0m] Started Apply the settings specified in cloud-config.
         Starting Execute cloud user/final scripts...
ci-info: no authorized ssh keys fingerprints found for user ubuntu.
<14>Nov 15 09:42:03 ec2: 
<14>Nov 15 09:42:03 ec2: #############################################################
<14>Nov 15 09:42:03 ec2: -----BEGIN SSH HOST KEY FINGERPRINTS-----
<14>Nov 15 09:42:03 ec2: 1024 SHA256:83GJLXGLYFTQVo09D7mMIaQphj02YtBjOcaMu4bva8o root@ubuntu-xenial (DSA)
<14>Nov 15 09:42:03 ec2: 256 SHA256:gNyIr5dj6h+kIOcethERZB26MXzGzp+Jeu8KoDM85/M root@ubuntu-xenial (ECDSA)
<14>Nov 15 09:42:03 ec2: 256 SHA256:eMlD9WlzuaYF80mTXClNaTHdJ8duCD13iMxHLz3D3sc root@ubuntu-xenial (ED25519)
<14>Nov 15 09:42:03 ec2: 2048 SHA256:8bsH31ETk/a1jna8pxKJFQjOnu9dW7QjUbv1hTMmqQw root@ubuntu-xenial (RSA)
<14>Nov 15 09:42:03 ec2: -----END SSH HOST KEY FINGERPRINTS-----
<14>Nov 15 09:42:03 ec2: #############################################################
-----BEGIN SSH HOST KEY KEYS-----
ecdsa-sha2-nistp256 AAAAE2VjZHNhLXNoYTItbmlzdHAyNTYAAAAIbmlzdHAyNTYAAABBBNL/dPkBaONHc23CwhEbWFEgC2/BDWkdXuUp5IUnl80qdNTyVI1uCZWBwadgSV/LjPl5rxJvLu8c4az7X7eAAY4= root@ubuntu-xenial
ssh-ed25519 AAAAC3NzaC1lZDI1NTE5AAAAIIpEflZnYrfPM9MKDgvo8KOo0zdkzG3HPzgLiUNdlwZN root@ubuntu-xenial
ssh-rsa AAAAB3NzaC1yc2EAAAADAQABAAABAQC0D3jI5tXUG84vU6rnnadBxRRmND2DKMQUSzGkkjebBF0doEHquwzBX/fA7tlYTLCQ5tYU7tH7mrdHEtcZwDMYcIB/Fxjq12y+O22Hp+LAZuLj9vSqlW+fsYEUjgt2D1PDhCs8/sz7dZ2/gK5WPBtR2hB1LqnFFbiCi9sTKrK5AC9mv9zMpTgIvhYZFrjGCkOR5PCls5PJiDc3ff+WOc+UR0pnsJUSRaSFLsHyjIiKKWWX8BbhKJdqA1xDa9boBpiB0wV20FXUj02DajCW851tHd8aw/e4k2sWRFhJBsQWR1xfFf7cm7VmreNxXorhvBl2Z4/06Cc57GjJ6P5NPqG9 root@ubuntu-xenial
-----END SSH HOST KEY KEYS-----
[   31.303408] cloud-init[1491]: Cloud-init v. 18.4-0ubuntu1~16.04.2 running 'modules:final' at Thu, 15 Nov 2018 09:42:02 +0000. Up 31.20 seconds.
[   31.303581] cloud-init[1491]: ci-info: no authorized ssh keys fingerprints found for user ubuntu.
[   31.303682] cloud-init[1491]: Cloud-init v. 18.4-0ubuntu1~16.04.2 finished at Thu, 15 Nov 2018 09:42:03 +0000. Datasource DataSourceNoCloud [seed=/dev/sdb][dsmode=net].  Up 31.29 seconds

Ubuntu 16.04.5 LTS ubuntu-xenial ttyS0

ubuntu-xenial login: 